<?xml version="1.0" encoding="UTF-8"?>
<testng-results ignored="0" total="1" passed="1" failed="0" skipped="0">
  <reporter-output>
  </reporter-output>
  <suite started-at="2023-03-01T16:45:01 IST" name="Default suite" finished-at="2023-03-01T16:45:20 IST" duration-ms="19004">
    <groups>
    </groups>
    <test started-at="2023-03-01T16:45:01 IST" name="Default test" finished-at="2023-03-01T16:45:20 IST" duration-ms="19004">
      <class name="TakeDataFrom_PageFectory.Verify_User">
        <test-method signature="Open_test()[pri:0, instance:TakeDataFrom_PageFectory.Verify_User@65e61854]" started-at="2023-03-01T16:45:01 IST" name="Open_test" finished-at="2023-03-01T16:45:20 IST" duration-ms="18866" status="PASS">
          <reporter-output>
          </reporter-output>
        </test-method> <!-- Open_test -->
      </class> <!-- TakeDataFrom_PageFectory.Verify_User -->
    </test> <!-- Default test -->
  </suite> <!-- Default suite -->
</testng-results>
