<?xml version="1.0" encoding="UTF-8"?>
<!-- Generated by org.testng.reporters.JUnitXMLReporter -->
<testsuite ignored="0" hostname="DESKTOP-P39CJOI" failures="2" tests="2" name="login_Test" time="30.757" errors="0" timestamp="2023-03-01T16:10:35 IST">
  <testcase classname="dummy.Dummy" name="test" time="19.406">
    <failure type="java.lang.NullPointerException" message="Cannot invoke &amp;quot;org.openqa.selenium.WebElement.sendKeys(java.lang.CharSequence[])&amp;quot; because &amp;quot;this.user_Name&amp;quot; is null">
      <![CDATA[java.lang.NullPointerException: Cannot invoke "org.openqa.selenium.WebElement.sendKeys(java.lang.CharSequence[])" because "this.user_Name" is null
at PageObjectMidelusing_PageFectiry.LoginPage_New.Userand_pass(LoginPage_New.java:26)
at dummy.Dummy.test(Dummy.java:20)
at java.base/java.util.ArrayList.forEach(ArrayList.java:1511)
... Removed 27 stack frames]]>
    </failure>
  </testcase> <!-- test -->
  <testcase classname="dummy.Dummy" name="test2" time="10.897">
    <failure type="java.lang.NullPointerException" message="Cannot invoke &amp;quot;org.openqa.selenium.WebElement.sendKeys(java.lang.CharSequence[])&amp;quot; because &amp;quot;this.user_Name&amp;quot; is null">
      <![CDATA[java.lang.NullPointerException: Cannot invoke "org.openqa.selenium.WebElement.sendKeys(java.lang.CharSequence[])" because "this.user_Name" is null
at PageObjectMidelusing_PageFectiry.LoginPage_New.Userand_pass(LoginPage_New.java:26)
at dummy.Dummy.test2(Dummy.java:37)
at java.base/java.util.ArrayList.forEach(ArrayList.java:1511)
... Removed 27 stack frames]]>
    </failure>
  </testcase> <!-- test2 -->
</testsuite> <!-- login_Test -->
